{"/Users/lorenzoamabili/userStudy/frontend/slide-deck-visualization/src/slide-deck-visualization.ts": {"path":"/Users/lorenzoamabili/userStudy/frontend/slide-deck-visualization/src/slide-deck-visualization.ts","statementMap":{"0":{"start":{"line":1,"column":0},"end":{"line":1,"column":25}},"1":{"start":{"line":3,"column":0},"end":{"line":3,"column":21}},"2":{"start":{"line":5,"column":0},"end":{"line":5,"column":null}},"3":{"start":{"line":15,"column":4},"end":{"line":17,"column":6}},"4":{"start":{"line":16,"column":8},"end":{"line":16,"column":32}},"5":{"start":{"line":20,"column":35},"end":{"line":20,"column":37}},"6":{"start":{"line":21,"column":25},"end":{"line":21,"column":26}},"7":{"start":{"line":29,"column":12},"end":{"line":29,"column":31}},"8":{"start":{"line":30,"column":12},"end":{"line":30,"column":31}},"9":{"start":{"line":31,"column":12},"end":{"line":31,"column":40}},"10":{"start":{"line":32,"column":12},"end":{"line":32,"column":43}},"11":{"start":{"line":33,"column":12},"end":{"line":33,"column":28}},"12":{"start":{"line":34,"column":12},"end":{"line":34,"column":32}},"13":{"start":{"line":35,"column":12},"end":{"line":35,"column":32}},"14":{"start":{"line":36,"column":12},"end":{"line":36,"column":25}},"15":{"start":{"line":37,"column":12},"end":{"line":37,"column":35}},"16":{"start":{"line":38,"column":12},"end":{"line":38,"column":30}},"17":{"start":{"line":39,"column":12},"end":{"line":39,"column":36}},"18":{"start":{"line":40,"column":12},"end":{"line":40,"column":27}},"19":{"start":{"line":41,"column":12},"end":{"line":41,"column":27}},"20":{"start":{"line":42,"column":12},"end":{"line":42,"column":33}},"21":{"start":{"line":45,"column":12},"end":{"line":45,"column":48}},"22":{"start":{"line":47,"column":12},"end":{"line":47,"column":33}},"23":{"start":{"line":48,"column":12},"end":{"line":48,"column":29}},"24":{"start":{"line":49,"column":12},"end":{"line":49,"column":38}},"25":{"start":{"line":50,"column":12},"end":{"line":50,"column":31}},"26":{"start":{"line":51,"column":12},"end":{"line":51,"column":52}},"27":{"start":{"line":53,"column":12},"end":{"line":53,"column":33}},"28":{"start":{"line":54,"column":12},"end":{"line":54,"column":30}},"29":{"start":{"line":55,"column":12},"end":{"line":55,"column":33}},"30":{"start":{"line":313,"column":11},"end":{"line":315,"column":null}},"31":{"start":{"line":314,"column":8},"end":{"line":314,"column":43}},"32":{"start":{"line":317,"column":12},"end":{"line":323,"column":null}},"33":{"start":{"line":319,"column":8},"end":{"line":319,"column":32}},"34":{"start":{"line":320,"column":8},"end":{"line":322,"column":null}},"35":{"start":{"line":321,"column":12},"end":{"line":321,"column":31}},"36":{"start":{"line":325,"column":12},"end":{"line":349,"column":null}},"37":{"start":{"line":326,"column":8},"end":{"line":329,"column":null}},"38":{"start":{"line":328,"column":12},"end":{"line":328,"column":19}},"39":{"start":{"line":330,"column":42},"end":{"line":330,"column":62}},"40":{"start":{"line":331,"column":39},"end":{"line":331,"column":40}},"41":{"start":{"line":333,"column":8},"end":{"line":339,"column":null}},"42":{"start":{"line":334,"column":12},"end":{"line":336,"column":71}},"43":{"start":{"line":338,"column":12},"end":{"line":338,"column":43}},"44":{"start":{"line":341,"column":8},"end":{"line":342,"column":73}},"45":{"start":{"line":343,"column":8},"end":{"line":343,"column":46}},"46":{"start":{"line":344,"column":8},"end":{"line":344,"column":59}},"47":{"start":{"line":347,"column":8},"end":{"line":347,"column":81}},"48":{"start":{"line":348,"column":8},"end":{"line":348,"column":22}},"49":{"start":{"line":360,"column":11},"end":{"line":378,"column":null}},"50":{"start":{"line":361,"column":24},"end":{"line":361,"column":39}},"51":{"start":{"line":362,"column":24},"end":{"line":362,"column":28}},"52":{"start":{"line":363,"column":8},"end":{"line":368,"column":null}},"53":{"start":{"line":364,"column":12},"end":{"line":364,"column":48}},"54":{"start":{"line":365,"column":12},"end":{"line":365,"column":44}},"55":{"start":{"line":367,"column":12},"end":{"line":367,"column":29}},"56":{"start":{"line":369,"column":22},"end":{"line":369,"column":85}},"57":{"start":{"line":370,"column":8},"end":{"line":370,"column":67}},"58":{"start":{"line":371,"column":8},"end":{"line":371,"column":59}},"59":{"start":{"line":372,"column":8},"end":{"line":372,"column":52}},"60":{"start":{"line":373,"column":8},"end":{"line":373,"column":67}},"61":{"start":{"line":377,"column":8},"end":{"line":377,"column":32}},"62":{"start":{"line":380,"column":12},"end":{"line":385,"column":null}},"63":{"start":{"line":381,"column":24},"end":{"line":381,"column":39}},"64":{"start":{"line":382,"column":27},"end":{"line":382,"column":86}},"65":{"start":{"line":383,"column":8},"end":{"line":383,"column":57}},"66":{"start":{"line":384,"column":8},"end":{"line":384,"column":146}},"67":{"start":{"line":391,"column":12},"end":{"line":422,"column":null}},"68":{"start":{"line":392,"column":8},"end":{"line":421,"column":10}},"69":{"start":{"line":393,"column":30},"end":{"line":393,"column":83}},"70":{"start":{"line":394,"column":30},"end":{"line":394,"column":48}},"71":{"start":{"line":395,"column":28},"end":{"line":395,"column":65}},"72":{"start":{"line":397,"column":12},"end":{"line":413,"column":null}},"73":{"start":{"line":399,"column":38},"end":{"line":399,"column":73}},"74":{"start":{"line":400,"column":43},"end":{"line":400,"column":144}},"75":{"start":{"line":402,"column":16},"end":{"line":404,"column":null}},"76":{"start":{"line":403,"column":20},"end":{"line":403,"column":68}},"77":{"start":{"line":405,"column":19},"end":{"line":413,"column":null}},"78":{"start":{"line":407,"column":34},"end":{"line":407,"column":69}},"79":{"start":{"line":408,"column":39},"end":{"line":408,"column":132}},"80":{"start":{"line":410,"column":16},"end":{"line":412,"column":null}},"81":{"start":{"line":411,"column":20},"end":{"line":411,"column":68}},"82":{"start":{"line":415,"column":12},"end":{"line":417,"column":null}},"83":{"start":{"line":416,"column":16},"end":{"line":416,"column":82}},"84":{"start":{"line":418,"column":33},"end":{"line":418,"column":112}},"85":{"start":{"line":419,"column":12},"end":{"line":419,"column":57}},"86":{"start":{"line":424,"column":12},"end":{"line":441,"column":null}},"87":{"start":{"line":425,"column":8},"end":{"line":436,"column":15}},"88":{"start":{"line":428,"column":16},"end":{"line":435,"column":18}},"89":{"start":{"line":437,"column":8},"end":{"line":437,"column":49}},"90":{"start":{"line":438,"column":8},"end":{"line":440,"column":null}},"91":{"start":{"line":439,"column":12},"end":{"line":439,"column":49}},"92":{"start":{"line":443,"column":12},"end":{"line":448,"column":null}},"93":{"start":{"line":445,"column":12},"end":{"line":445,"column":75}},"94":{"start":{"line":446,"column":8},"end":{"line":446,"column":77}},"95":{"start":{"line":447,"column":8},"end":{"line":447,"column":22}},"96":{"start":{"line":450,"column":12},"end":{"line":452,"column":null}},"97":{"start":{"line":451,"column":8},"end":{"line":451,"column":57}},"98":{"start":{"line":454,"column":12},"end":{"line":461,"column":null}},"99":{"start":{"line":455,"column":23},"end":{"line":457,"column":null}},"100":{"start":{"line":459,"column":8},"end":{"line":459,"column":65}},"101":{"start":{"line":460,"column":8},"end":{"line":460,"column":22}},"102":{"start":{"line":463,"column":12},"end":{"line":465,"column":null}},"103":{"start":{"line":464,"column":8},"end":{"line":464,"column":51}},"104":{"start":{"line":467,"column":12},"end":{"line":485,"column":null}},"105":{"start":{"line":472,"column":8},"end":{"line":483,"column":null}},"106":{"start":{"line":474,"column":16},"end":{"line":476,"column":20}},"107":{"start":{"line":477,"column":28},"end":{"line":477,"column":60}},"108":{"start":{"line":478,"column":12},"end":{"line":482,"column":null}},"109":{"start":{"line":479,"column":16},"end":{"line":479,"column":61}},"110":{"start":{"line":481,"column":16},"end":{"line":481,"column":40}},"111":{"start":{"line":484,"column":8},"end":{"line":484,"column":20}},"112":{"start":{"line":530,"column":12},"end":{"line":558,"column":null}},"113":{"start":{"line":531,"column":30},"end":{"line":531,"column":73}},"114":{"start":{"line":532,"column":8},"end":{"line":556,"column":null}},"115":{"start":{"line":534,"column":17},"end":{"line":534,"column":82}},"116":{"start":{"line":535,"column":12},"end":{"line":547,"column":null}},"117":{"start":{"line":536,"column":36},"end":{"line":536,"column":39}},"118":{"start":{"line":537,"column":16},"end":{"line":540,"column":null}},"119":{"start":{"line":538,"column":20},"end":{"line":538,"column":70}},"120":{"start":{"line":539,"column":20},"end":{"line":539,"column":80}},"121":{"start":{"line":542,"column":36},"end":{"line":542,"column":40}},"122":{"start":{"line":543,"column":16},"end":{"line":543,"column":66}},"123":{"start":{"line":544,"column":16},"end":{"line":546,"column":null}},"124":{"start":{"line":545,"column":20},"end":{"line":545,"column":80}},"125":{"start":{"line":550,"column":30},"end":{"line":550,"column":32}},"126":{"start":{"line":551,"column":12},"end":{"line":555,"column":null}},"127":{"start":{"line":552,"column":16},"end":{"line":552,"column":51}},"128":{"start":{"line":554,"column":16},"end":{"line":554,"column":51}},"129":{"start":{"line":557,"column":8},"end":{"line":557,"column":22}},"130":{"start":{"line":560,"column":12},"end":{"line":572,"column":null}},"131":{"start":{"line":561,"column":8},"end":{"line":571,"column":null}},"132":{"start":{"line":563,"column":12},"end":{"line":570,"column":null}},"133":{"start":{"line":563,"column":25},"end":{"line":563,"column":59}},"134":{"start":{"line":564,"column":16},"end":{"line":569,"column":null}},"135":{"start":{"line":565,"column":20},"end":{"line":565,"column":77}},"136":{"start":{"line":566,"column":20},"end":{"line":566,"column":85}},"137":{"start":{"line":567,"column":20},"end":{"line":567,"column":34}},"138":{"start":{"line":568,"column":20},"end":{"line":568,"column":26}},"139":{"start":{"line":591,"column":12},"end":{"line":595,"column":null}},"140":{"start":{"line":592,"column":8},"end":{"line":594,"column":null}},"141":{"start":{"line":593,"column":12},"end":{"line":593,"column":32}},"142":{"start":{"line":597,"column":12},"end":{"line":603,"column":null}},"143":{"start":{"line":598,"column":8},"end":{"line":602,"column":null}},"144":{"start":{"line":599,"column":12},"end":{"line":599,"column":66}},"145":{"start":{"line":600,"column":12},"end":{"line":600,"column":66}},"146":{"start":{"line":601,"column":12},"end":{"line":601,"column":31}},"147":{"start":{"line":605,"column":12},"end":{"line":610,"column":null}},"148":{"start":{"line":606,"column":8},"end":{"line":606,"column":63}},"149":{"start":{"line":607,"column":8},"end":{"line":607,"column":61}},"150":{"start":{"line":608,"column":8},"end":{"line":608,"column":38}},"151":{"start":{"line":609,"column":8},"end":{"line":609,"column":28}},"152":{"start":{"line":612,"column":12},"end":{"line":616,"column":null}},"153":{"start":{"line":613,"column":8},"end":{"line":613,"column":39}},"154":{"start":{"line":614,"column":8},"end":{"line":614,"column":39}},"155":{"start":{"line":615,"column":8},"end":{"line":615,"column":29}},"156":{"start":{"line":618,"column":12},"end":{"line":630,"column":null}},"157":{"start":{"line":619,"column":8},"end":{"line":629,"column":null}},"158":{"start":{"line":621,"column":12},"end":{"line":628,"column":null}},"159":{"start":{"line":622,"column":16},"end":{"line":627,"column":null}},"160":{"start":{"line":623,"column":20},"end":{"line":623,"column":61}},"161":{"start":{"line":624,"column":20},"end":{"line":624,"column":34}},"162":{"start":{"line":625,"column":20},"end":{"line":625,"column":85}},"163":{"start":{"line":626,"column":20},"end":{"line":626,"column":26}},"164":{"start":{"line":632,"column":12},"end":{"line":638,"column":null}},"165":{"start":{"line":633,"column":8},"end":{"line":635,"column":null}},"166":{"start":{"line":634,"column":12},"end":{"line":634,"column":31}},"167":{"start":{"line":636,"column":8},"end":{"line":636,"column":126}},"168":{"start":{"line":637,"column":8},"end":{"line":637,"column":22}},"169":{"start":{"line":640,"column":12},"end":{"line":643,"column":null}},"170":{"start":{"line":641,"column":8},"end":{"line":641,"column":126}},"171":{"start":{"line":642,"column":8},"end":{"line":642,"column":22}},"172":{"start":{"line":655,"column":12},"end":{"line":663,"column":null}},"173":{"start":{"line":656,"column":8},"end":{"line":656,"column":49}},"174":{"start":{"line":658,"column":23},"end":{"line":658,"column":81}},"175":{"start":{"line":659,"column":8},"end":{"line":659,"column":28}},"176":{"start":{"line":660,"column":8},"end":{"line":660,"column":36}},"177":{"start":{"line":662,"column":8},"end":{"line":662,"column":22}},"178":{"start":{"line":668,"column":12},"end":{"line":681,"column":null}},"179":{"start":{"line":669,"column":8},"end":{"line":672,"column":null}},"180":{"start":{"line":670,"column":12},"end":{"line":670,"column":59}},"181":{"start":{"line":671,"column":12},"end":{"line":671,"column":19}},"182":{"start":{"line":673,"column":23},"end":{"line":673,"column":81}},"183":{"start":{"line":674,"column":28},"end":{"line":674,"column":42}},"184":{"start":{"line":675,"column":8},"end":{"line":679,"column":null}},"185":{"start":{"line":676,"column":12},"end":{"line":676,"column":73}},"186":{"start":{"line":678,"column":12},"end":{"line":678,"column":62}},"187":{"start":{"line":680,"column":8},"end":{"line":680,"column":81}},"188":{"start":{"line":745,"column":12},"end":{"line":753,"column":null}},"189":{"start":{"line":746,"column":8},"end":{"line":746,"column":95}},"190":{"start":{"line":761,"column":12},"end":{"line":786,"column":39}},"191":{"start":{"line":762,"column":26},"end":{"line":762,"column":74}},"192":{"start":{"line":764,"column":8},"end":{"line":767,"column":null}},"193":{"start":{"line":765,"column":12},"end":{"line":765,"column":31}},"194":{"start":{"line":766,"column":12},"end":{"line":766,"column":82}},"195":{"start":{"line":769,"column":8},"end":{"line":771,"column":null}},"196":{"start":{"line":770,"column":12},"end":{"line":770,"column":34}},"197":{"start":{"line":773,"column":32},"end":{"line":773,"column":86}},"198":{"start":{"line":774,"column":8},"end":{"line":778,"column":21}},"199":{"start":{"line":779,"column":8},"end":{"line":785,"column":21}},"200":{"start":{"line":788,"column":12},"end":{"line":793,"column":null}},"201":{"start":{"line":789,"column":8},"end":{"line":792,"column":27}},"202":{"start":{"line":60,"column":8},"end":{"line":60,"column":51}},"203":{"start":{"line":61,"column":8},"end":{"line":61,"column":60}},"204":{"start":{"line":62,"column":8},"end":{"line":62,"column":36}},"205":{"start":{"line":63,"column":8},"end":{"line":63,"column":36}},"206":{"start":{"line":64,"column":9},"end":{"line":64,"column":41}},"207":{"start":{"line":67,"column":34},"end":{"line":72,"column":14}},"208":{"start":{"line":71,"column":16},"end":{"line":71,"column":75}},"209":{"start":{"line":74,"column":8},"end":{"line":77,"column":42}},"210":{"start":{"line":79,"column":8},"end":{"line":83,"column":38}},"211":{"start":{"line":85,"column":8},"end":{"line":90,"column":39}},"212":{"start":{"line":92,"column":8},"end":{"line":95,"column":41}},"213":{"start":{"line":98,"column":8},"end":{"line":102,"column":45}},"214":{"start":{"line":132,"column":8},"end":{"line":151,"column":14}},"215":{"start":{"line":142,"column":16},"end":{"line":142,"column":66}},"216":{"start":{"line":145,"column":16},"end":{"line":145,"column":70}},"217":{"start":{"line":153,"column":8},"end":{"line":159,"column":53}},"218":{"start":{"line":161,"column":8},"end":{"line":170,"column":55}},"219":{"start":{"line":173,"column":8},"end":{"line":185,"column":15}},"220":{"start":{"line":181,"column":16},"end":{"line":181,"column":66}},"221":{"start":{"line":184,"column":16},"end":{"line":184,"column":70}},"222":{"start":{"line":187,"column":8},"end":{"line":196,"column":37}},"223":{"start":{"line":289,"column":8},"end":{"line":295,"column":29}},"224":{"start":{"line":297,"column":8},"end":{"line":304,"column":45}},"225":{"start":{"line":306,"column":8},"end":{"line":306,"column":56}},"226":{"start":{"line":306,"column":41},"end":{"line":306,"column":54}},"227":{"start":{"line":307,"column":8},"end":{"line":307,"column":58}},"228":{"start":{"line":307,"column":43},"end":{"line":307,"column":56}},"229":{"start":{"line":308,"column":8},"end":{"line":308,"column":57}},"230":{"start":{"line":308,"column":42},"end":{"line":308,"column":55}},"231":{"start":{"line":309,"column":8},"end":{"line":309,"column":59}},"232":{"start":{"line":309,"column":44},"end":{"line":309,"column":57}},"233":{"start":{"line":311,"column":8},"end":{"line":311,"column":22}},"234":{"start":{"line":388,"column":8},"end":{"line":388,"column":66}},"235":{"start":{"line":489,"column":12},"end":{"line":489,"column":63}},"236":{"start":{"line":490,"column":8},"end":{"line":490,"column":44}},"237":{"start":{"line":494,"column":30},"end":{"line":494,"column":75}},"238":{"start":{"line":495,"column":8},"end":{"line":498,"column":10}},"239":{"start":{"line":503,"column":12},"end":{"line":503,"column":77}},"240":{"start":{"line":504,"column":8},"end":{"line":504,"column":31}},"241":{"start":{"line":508,"column":22},"end":{"line":508,"column":59}},"242":{"start":{"line":509,"column":30},"end":{"line":509,"column":31}},"243":{"start":{"line":511,"column":8},"end":{"line":513,"column":null}},"244":{"start":{"line":511,"column":21},"end":{"line":511,"column":22}},"245":{"start":{"line":512,"column":12},"end":{"line":512,"column":77}},"246":{"start":{"line":515,"column":8},"end":{"line":515,"column":31}},"247":{"start":{"line":519,"column":8},"end":{"line":519,"column":37}},"248":{"start":{"line":520,"column":24},"end":{"line":520,"column":25}},"249":{"start":{"line":521,"column":8},"end":{"line":527,"column":11}},"250":{"start":{"line":522,"column":12},"end":{"line":525,"column":15}},"251":{"start":{"line":526,"column":12},"end":{"line":526,"column":63}},"252":{"start":{"line":575,"column":29},"end":{"line":575,"column":31}},"253":{"start":{"line":576,"column":8},"end":{"line":588,"column":27}},"254":{"start":{"line":577,"column":12},"end":{"line":586,"column":null}},"255":{"start":{"line":578,"column":16},"end":{"line":578,"column":47}},"256":{"start":{"line":580,"column":16},"end":{"line":580,"column":52}},"257":{"start":{"line":581,"column":35},"end":{"line":581,"column":81}},"258":{"start":{"line":582,"column":16},"end":{"line":585,"column":null}},"259":{"start":{"line":583,"column":20},"end":{"line":583,"column":51}},"260":{"start":{"line":587,"column":12},"end":{"line":587,"column":26}},"261":{"start":{"line":646,"column":8},"end":{"line":646,"column":51}},"262":{"start":{"line":647,"column":8},"end":{"line":647,"column":67}},"263":{"start":{"line":802,"column":8},"end":{"line":802,"column":48}},"264":{"start":{"line":804,"column":8},"end":{"line":806,"column":null}},"265":{"start":{"line":805,"column":12},"end":{"line":805,"column":36}},"266":{"start":{"line":807,"column":33},"end":{"line":809,"column":52}},"267":{"start":{"line":809,"column":47},"end":{"line":809,"column":51}},"268":{"start":{"line":811,"column":25},"end":{"line":814,"column":35}},"269":{"start":{"line":816,"column":8},"end":{"line":822,"column":14}},"270":{"start":{"line":825,"column":8},"end":{"line":830,"column":32}},"271":{"start":{"line":833,"column":25},"end":{"line":839,"column":39}},"272":{"start":{"line":841,"column":8},"end":{"line":845,"column":36}},"273":{"start":{"line":848,"column":8},"end":{"line":856,"column":33}},"274":{"start":{"line":859,"column":8},"end":{"line":867,"column":51}},"275":{"start":{"line":869,"column":8},"end":{"line":877,"column":48}},"276":{"start":{"line":888,"column":29},"end":{"line":888,"column":77}},"277":{"start":{"line":891,"column":8},"end":{"line":896,"column":34}},"278":{"start":{"line":902,"column":28},"end":{"line":902,"column":78}},"279":{"start":{"line":904,"column":8},"end":{"line":909,"column":34}},"280":{"start":{"line":928,"column":8},"end":{"line":938,"column":14}},"281":{"start":{"line":940,"column":8},"end":{"line":950,"column":14}},"282":{"start":{"line":951,"column":8},"end":{"line":951,"column":69}},"283":{"start":{"line":956,"column":25},"end":{"line":962,"column":14}},"284":{"start":{"line":959,"column":16},"end":{"line":959,"column":71}},"285":{"start":{"line":960,"column":16},"end":{"line":960,"column":94}},"286":{"start":{"line":961,"column":16},"end":{"line":961,"column":90}},"287":{"start":{"line":979,"column":8},"end":{"line":983,"column":15}},"288":{"start":{"line":982,"column":16},"end":{"line":982,"column":58}},"289":{"start":{"line":985,"column":8},"end":{"line":989,"column":15}},"290":{"start":{"line":988,"column":16},"end":{"line":988,"column":83}},"291":{"start":{"line":991,"column":8},"end":{"line":991,"column":54}},"292":{"start":{"line":992,"column":8},"end":{"line":1009,"column":15}},"293":{"start":{"line":995,"column":16},"end":{"line":995,"column":65}},"294":{"start":{"line":996,"column":27},"end":{"line":997,"column":97}},"295":{"start":{"line":998,"column":16},"end":{"line":998,"column":27}},"296":{"start":{"line":1001,"column":16},"end":{"line":1001,"column":63}},"297":{"start":{"line":1004,"column":16},"end":{"line":1004,"column":58}},"298":{"start":{"line":1007,"column":16},"end":{"line":1007,"column":126}},"299":{"start":{"line":1008,"column":16},"end":{"line":1008,"column":52}},"300":{"start":{"line":1011,"column":8},"end":{"line":1018,"column":15}},"301":{"start":{"line":1014,"column":16},"end":{"line":1014,"column":58}},"302":{"start":{"line":1017,"column":16},"end":{"line":1017,"column":56}},"303":{"start":{"line":1022,"column":8},"end":{"line":1029,"column":15}},"304":{"start":{"line":1025,"column":16},"end":{"line":1025,"column":38}},"305":{"start":{"line":1028,"column":16},"end":{"line":1028,"column":79}},"306":{"start":{"line":1031,"column":8},"end":{"line":1038,"column":15}},"307":{"start":{"line":1034,"column":16},"end":{"line":1034,"column":38}},"308":{"start":{"line":1037,"column":16},"end":{"line":1037,"column":102}},"309":{"start":{"line":1040,"column":8},"end":{"line":1047,"column":15}},"310":{"start":{"line":1043,"column":16},"end":{"line":1043,"column":48}},"311":{"start":{"line":1046,"column":16},"end":{"line":1046,"column":34}},"312":{"start":{"line":1049,"column":8},"end":{"line":1060,"column":15}},"313":{"start":{"line":1052,"column":16},"end":{"line":1052,"column":83}},"314":{"start":{"line":1055,"column":16},"end":{"line":1059,"column":null}},"315":{"start":{"line":1056,"column":20},"end":{"line":1056,"column":105}},"316":{"start":{"line":1058,"column":20},"end":{"line":1058,"column":30}},"317":{"start":{"line":1062,"column":8},"end":{"line":1064,"column":11}},"318":{"start":{"line":1063,"column":12},"end":{"line":1063,"column":68}},"319":{"start":{"line":1066,"column":8},"end":{"line":1070,"column":15}},"320":{"start":{"line":1069,"column":16},"end":{"line":1069,"column":83}},"321":{"start":{"line":1072,"column":8},"end":{"line":1076,"column":15}},"322":{"start":{"line":1075,"column":16},"end":{"line":1075,"column":49}},"323":{"start":{"line":1078,"column":8},"end":{"line":1085,"column":15}},"324":{"start":{"line":1081,"column":16},"end":{"line":1081,"column":73}},"325":{"start":{"line":1084,"column":16},"end":{"line":1084,"column":118}},"326":{"start":{"line":1087,"column":8},"end":{"line":1087,"column":77}},"327":{"start":{"line":1091,"column":8},"end":{"line":1091,"column":44}},"328":{"start":{"line":1093,"column":8},"end":{"line":1093,"column":27}},"329":{"start":{"line":1099,"column":8},"end":{"line":1099,"column":36}},"330":{"start":{"line":1103,"column":8},"end":{"line":1103,"column":41}},"331":{"start":{"line":1109,"column":8},"end":{"line":1109,"column":31}},"332":{"start":{"line":1113,"column":8},"end":{"line":1113,"column":31}},"333":{"start":{"line":25,"column":0},"end":{"line":25,"column":13}}},"fnMap":{"0":{"name":"firstArgThis","decl":{"start":{"line":14,"column":9},"end":{"line":14,"column":21}},"loc":{"start":{"line":14,"column":48},"end":{"line":18,"column":1}}},"1":{"name":"(anonymous_1)","decl":{"start":{"line":15,"column":11},"end":{"line":15,"column":32}},"loc":{"start":{"line":15,"column":46},"end":{"line":17,"column":5}}},"2":{"name":"(anonymous_2)","decl":{"start":{"line":59,"column":4},"end":{"line":59,"column":16}},"loc":{"start":{"line":59,"column":68},"end":{"line":312,"column":5}}},"3":{"name":"(anonymous_3)","decl":{"start":{"line":313,"column":22},"end":{"line":313,"column":23}},"loc":{"start":{"line":313,"column":50},"end":{"line":315,"column":5}}},"4":{"name":"(anonymous_4)","decl":{"start":{"line":317,"column":23},"end":{"line":317,"column":24}},"loc":{"start":{"line":317,"column":51},"end":{"line":323,"column":5}}},"5":{"name":"(anonymous_5)","decl":{"start":{"line":325,"column":26},"end":{"line":325,"column":27}},"loc":{"start":{"line":325,"column":61},"end":{"line":349,"column":5}}},"6":{"name":"(anonymous_6)","decl":{"start":{"line":360,"column":19},"end":{"line":360,"column":20}},"loc":{"start":{"line":360,"column":45},"end":{"line":378,"column":5}}},"7":{"name":"(anonymous_7)","decl":{"start":{"line":380,"column":22},"end":{"line":380,"column":23}},"loc":{"start":{"line":380,"column":50},"end":{"line":385,"column":5}}},"8":{"name":"(anonymous_8)","decl":{"start":{"line":391,"column":26},"end":{"line":391,"column":27}},"loc":{"start":{"line":391,"column":60},"end":{"line":422,"column":5}}},"9":{"name":"(anonymous_9)","decl":{"start":{"line":392,"column":52},"end":{"line":392,"column":53}},"loc":{"start":{"line":392,"column":80},"end":{"line":420,"column":9}}},"10":{"name":"(anonymous_10)","decl":{"start":{"line":424,"column":28},"end":{"line":424,"column":29}},"loc":{"start":{"line":424,"column":62},"end":{"line":441,"column":5}}},"11":{"name":"(anonymous_11)","decl":{"start":{"line":427,"column":31},"end":{"line":427,"column":32}},"loc":{"start":{"line":427,"column":59},"end":{"line":436,"column":13}}},"12":{"name":"(anonymous_12)","decl":{"start":{"line":443,"column":36},"end":{"line":443,"column":37}},"loc":{"start":{"line":443,"column":75},"end":{"line":448,"column":5}}},"13":{"name":"(anonymous_13)","decl":{"start":{"line":450,"column":36},"end":{"line":450,"column":37}},"loc":{"start":{"line":450,"column":75},"end":{"line":452,"column":5}}},"14":{"name":"(anonymous_14)","decl":{"start":{"line":454,"column":30},"end":{"line":454,"column":31}},"loc":{"start":{"line":454,"column":69},"end":{"line":461,"column":5}}},"15":{"name":"(anonymous_15)","decl":{"start":{"line":463,"column":30},"end":{"line":463,"column":31}},"loc":{"start":{"line":463,"column":69},"end":{"line":465,"column":5}}},"16":{"name":"(anonymous_16)","decl":{"start":{"line":467,"column":29},"end":{"line":467,"column":null}},"loc":{"start":{"line":471,"column":8},"end":{"line":485,"column":5}}},"17":{"name":"(anonymous_17)","decl":{"start":{"line":530,"column":30},"end":{"line":530,"column":33}},"loc":{"start":{"line":530,"column":35},"end":{"line":558,"column":5}}},"18":{"name":"(anonymous_18)","decl":{"start":{"line":560,"column":25},"end":{"line":560,"column":28}},"loc":{"start":{"line":560,"column":30},"end":{"line":572,"column":5}}},"19":{"name":"(anonymous_19)","decl":{"start":{"line":591,"column":21},"end":{"line":591,"column":24}},"loc":{"start":{"line":591,"column":26},"end":{"line":595,"column":5}}},"20":{"name":"(anonymous_20)","decl":{"start":{"line":597,"column":22},"end":{"line":597,"column":25}},"loc":{"start":{"line":597,"column":27},"end":{"line":603,"column":5}}},"21":{"name":"(anonymous_21)","decl":{"start":{"line":605,"column":27},"end":{"line":605,"column":30}},"loc":{"start":{"line":605,"column":32},"end":{"line":610,"column":5}}},"22":{"name":"(anonymous_22)","decl":{"start":{"line":612,"column":26},"end":{"line":612,"column":29}},"loc":{"start":{"line":612,"column":31},"end":{"line":616,"column":5}}},"23":{"name":"(anonymous_23)","decl":{"start":{"line":618,"column":24},"end":{"line":618,"column":27}},"loc":{"start":{"line":618,"column":29},"end":{"line":630,"column":5}}},"24":{"name":"(anonymous_24)","decl":{"start":{"line":632,"column":26},"end":{"line":632,"column":27}},"loc":{"start":{"line":632,"column":40},"end":{"line":638,"column":5}}},"25":{"name":"(anonymous_25)","decl":{"start":{"line":640,"column":26},"end":{"line":640,"column":27}},"loc":{"start":{"line":640,"column":40},"end":{"line":643,"column":5}}},"26":{"name":"(anonymous_26)","decl":{"start":{"line":655,"column":36},"end":{"line":655,"column":37}},"loc":{"start":{"line":655,"column":59},"end":{"line":663,"column":5}}},"27":{"name":"(anonymous_27)","decl":{"start":{"line":668,"column":28},"end":{"line":668,"column":31}},"loc":{"start":{"line":668,"column":33},"end":{"line":681,"column":5}}},"28":{"name":"(anonymous_28)","decl":{"start":{"line":745,"column":35},"end":{"line":745,"column":38}},"loc":{"start":{"line":745,"column":40},"end":{"line":753,"column":5}}},"29":{"name":"(anonymous_29)","decl":{"start":{"line":761,"column":26},"end":{"line":761,"column":29}},"loc":{"start":{"line":761,"column":31},"end":{"line":786,"column":5}}},"30":{"name":"(anonymous_30)","decl":{"start":{"line":788,"column":43},"end":{"line":788,"column":46}},"loc":{"start":{"line":788,"column":48},"end":{"line":793,"column":5}}},"31":{"name":"(anonymous_31)","decl":{"start":{"line":70,"column":29},"end":{"line":70,"column":32}},"loc":{"start":{"line":70,"column":34},"end":{"line":72,"column":13}}},"32":{"name":"(anonymous_32)","decl":{"start":{"line":141,"column":29},"end":{"line":141,"column":32}},"loc":{"start":{"line":141,"column":34},"end":{"line":143,"column":13}}},"33":{"name":"(anonymous_33)","decl":{"start":{"line":144,"column":29},"end":{"line":144,"column":32}},"loc":{"start":{"line":144,"column":34},"end":{"line":146,"column":13}}},"34":{"name":"(anonymous_34)","decl":{"start":{"line":180,"column":29},"end":{"line":180,"column":32}},"loc":{"start":{"line":180,"column":34},"end":{"line":182,"column":13}}},"35":{"name":"(anonymous_35)","decl":{"start":{"line":183,"column":29},"end":{"line":183,"column":32}},"loc":{"start":{"line":183,"column":34},"end":{"line":185,"column":13}}},"36":{"name":"(anonymous_36)","decl":{"start":{"line":306,"column":35},"end":{"line":306,"column":38}},"loc":{"start":{"line":306,"column":41},"end":{"line":306,"column":54}}},"37":{"name":"(anonymous_37)","decl":{"start":{"line":307,"column":37},"end":{"line":307,"column":40}},"loc":{"start":{"line":307,"column":43},"end":{"line":307,"column":56}}},"38":{"name":"(anonymous_38)","decl":{"start":{"line":308,"column":36},"end":{"line":308,"column":39}},"loc":{"start":{"line":308,"column":42},"end":{"line":308,"column":55}}},"39":{"name":"(anonymous_39)","decl":{"start":{"line":309,"column":38},"end":{"line":309,"column":41}},"loc":{"start":{"line":309,"column":44},"end":{"line":309,"column":57}}},"40":{"name":"(anonymous_40)","decl":{"start":{"line":387,"column":12},"end":{"line":387,"column":27}},"loc":{"start":{"line":387,"column":46},"end":{"line":389,"column":5}}},"41":{"name":"(anonymous_41)","decl":{"start":{"line":487,"column":12},"end":{"line":487,"column":34}},"loc":{"start":{"line":487,"column":58},"end":{"line":491,"column":5}}},"42":{"name":"(anonymous_42)","decl":{"start":{"line":493,"column":12},"end":{"line":493,"column":28}},"loc":{"start":{"line":493,"column":52},"end":{"line":499,"column":5}}},"43":{"name":"(anonymous_43)","decl":{"start":{"line":501,"column":12},"end":{"line":501,"column":25}},"loc":{"start":{"line":501,"column":49},"end":{"line":505,"column":5}}},"44":{"name":"(anonymous_44)","decl":{"start":{"line":507,"column":12},"end":{"line":507,"column":31}},"loc":{"start":{"line":507,"column":55},"end":{"line":516,"column":5}}},"45":{"name":"(anonymous_45)","decl":{"start":{"line":518,"column":12},"end":{"line":518,"column":29}},"loc":{"start":{"line":518,"column":61},"end":{"line":528,"column":5}}},"46":{"name":"(anonymous_46)","decl":{"start":{"line":521,"column":33},"end":{"line":521,"column":34}},"loc":{"start":{"line":521,"column":48},"end":{"line":527,"column":9}}},"47":{"name":"(anonymous_47)","decl":{"start":{"line":574,"column":12},"end":{"line":574,"column":24}},"loc":{"start":{"line":574,"column":24},"end":{"line":589,"column":5}}},"48":{"name":"(anonymous_48)","decl":{"start":{"line":576,"column":38},"end":{"line":576,"column":41}},"loc":{"start":{"line":576,"column":43},"end":{"line":588,"column":9}}},"49":{"name":"(anonymous_49)","decl":{"start":{"line":645,"column":12},"end":{"line":645,"column":23}},"loc":{"start":{"line":645,"column":23},"end":{"line":649,"column":5}}},"50":{"name":"(anonymous_50)","decl":{"start":{"line":801,"column":11},"end":{"line":801,"column":17}},"loc":{"start":{"line":801,"column":17},"end":{"line":1104,"column":5}}},"51":{"name":"(anonymous_51)","decl":{"start":{"line":809,"column":42},"end":{"line":809,"column":43}},"loc":{"start":{"line":809,"column":47},"end":{"line":809,"column":51}}},"52":{"name":"(anonymous_52)","decl":{"start":{"line":958,"column":31},"end":{"line":958,"column":32}},"loc":{"start":{"line":958,"column":59},"end":{"line":962,"column":13}}},"53":{"name":"(anonymous_53)","decl":{"start":{"line":981,"column":27},"end":{"line":981,"column":28}},"loc":{"start":{"line":981,"column":55},"end":{"line":983,"column":13}}},"54":{"name":"(anonymous_54)","decl":{"start":{"line":987,"column":23},"end":{"line":987,"column":24}},"loc":{"start":{"line":987,"column":51},"end":{"line":989,"column":13}}},"55":{"name":"(anonymous_55)","decl":{"start":{"line":994,"column":26},"end":{"line":994,"column":27}},"loc":{"start":{"line":994,"column":54},"end":{"line":999,"column":13}}},"56":{"name":"(anonymous_56)","decl":{"start":{"line":1000,"column":30},"end":{"line":1000,"column":31}},"loc":{"start":{"line":1000,"column":58},"end":{"line":1002,"column":13}}},"57":{"name":"(anonymous_57)","decl":{"start":{"line":1003,"column":23},"end":{"line":1003,"column":24}},"loc":{"start":{"line":1003,"column":51},"end":{"line":1005,"column":13}}},"58":{"name":"(anonymous_58)","decl":{"start":{"line":1006,"column":27},"end":{"line":1006,"column":28}},"loc":{"start":{"line":1006,"column":55},"end":{"line":1009,"column":13}}},"59":{"name":"(anonymous_59)","decl":{"start":{"line":1013,"column":23},"end":{"line":1013,"column":24}},"loc":{"start":{"line":1013,"column":51},"end":{"line":1015,"column":13}}},"60":{"name":"(anonymous_60)","decl":{"start":{"line":1016,"column":27},"end":{"line":1016,"column":28}},"loc":{"start":{"line":1016,"column":55},"end":{"line":1018,"column":13}}},"61":{"name":"(anonymous_61)","decl":{"start":{"line":1024,"column":23},"end":{"line":1024,"column":24}},"loc":{"start":{"line":1024,"column":51},"end":{"line":1026,"column":13}}},"62":{"name":"(anonymous_62)","decl":{"start":{"line":1027,"column":23},"end":{"line":1027,"column":24}},"loc":{"start":{"line":1027,"column":51},"end":{"line":1029,"column":13}}},"63":{"name":"(anonymous_63)","decl":{"start":{"line":1033,"column":23},"end":{"line":1033,"column":24}},"loc":{"start":{"line":1033,"column":51},"end":{"line":1035,"column":13}}},"64":{"name":"(anonymous_64)","decl":{"start":{"line":1036,"column":23},"end":{"line":1036,"column":24}},"loc":{"start":{"line":1036,"column":51},"end":{"line":1038,"column":13}}},"65":{"name":"(anonymous_65)","decl":{"start":{"line":1042,"column":23},"end":{"line":1042,"column":24}},"loc":{"start":{"line":1042,"column":51},"end":{"line":1044,"column":13}}},"66":{"name":"(anonymous_66)","decl":{"start":{"line":1045,"column":18},"end":{"line":1045,"column":19}},"loc":{"start":{"line":1045,"column":46},"end":{"line":1047,"column":13}}},"67":{"name":"(anonymous_67)","decl":{"start":{"line":1051,"column":23},"end":{"line":1051,"column":24}},"loc":{"start":{"line":1051,"column":51},"end":{"line":1053,"column":13}}},"68":{"name":"(anonymous_68)","decl":{"start":{"line":1054,"column":18},"end":{"line":1054,"column":19}},"loc":{"start":{"line":1054,"column":46},"end":{"line":1060,"column":13}}},"69":{"name":"(anonymous_69)","decl":{"start":{"line":1062,"column":50},"end":{"line":1062,"column":51}},"loc":{"start":{"line":1062,"column":78},"end":{"line":1064,"column":9}}},"70":{"name":"(anonymous_70)","decl":{"start":{"line":1068,"column":24},"end":{"line":1068,"column":25}},"loc":{"start":{"line":1068,"column":52},"end":{"line":1070,"column":13}}},"71":{"name":"(anonymous_71)","decl":{"start":{"line":1074,"column":23},"end":{"line":1074,"column":24}},"loc":{"start":{"line":1074,"column":51},"end":{"line":1076,"column":13}}},"72":{"name":"(anonymous_72)","decl":{"start":{"line":1080,"column":23},"end":{"line":1080,"column":24}},"loc":{"start":{"line":1080,"column":51},"end":{"line":1082,"column":13}}},"73":{"name":"(anonymous_73)","decl":{"start":{"line":1083,"column":18},"end":{"line":1083,"column":19}},"loc":{"start":{"line":1083,"column":46},"end":{"line":1085,"column":13}}},"74":{"name":"(anonymous_74)","decl":{"start":{"line":1108,"column":11},"end":{"line":1108,"column":18}},"loc":{"start":{"line":1108,"column":45},"end":{"line":1110,"column":5}}},"75":{"name":"(anonymous_75)","decl":{"start":{"line":1112,"column":11},"end":{"line":1112,"column":18}},"loc":{"start":{"line":1112,"column":18},"end":{"line":1114,"column":5}}}},"branchMap":{"0":{"loc":{"start":{"line":320,"column":8},"end":{"line":322,"column":null}},"type":"if","locations":[{"start":{"line":320,"column":8},"end":{"line":322,"column":null}},{"start":{"line":320,"column":8},"end":{"line":322,"column":null}}]},"1":{"loc":{"start":{"line":326,"column":8},"end":{"line":329,"column":null}},"type":"if","locations":[{"start":{"line":326,"column":8},"end":{"line":329,"column":null}},{"start":{"line":326,"column":8},"end":{"line":329,"column":null}}]},"2":{"loc":{"start":{"line":333,"column":8},"end":{"line":339,"column":null}},"type":"if","locations":[{"start":{"line":333,"column":8},"end":{"line":339,"column":null}},{"start":{"line":333,"column":8},"end":{"line":339,"column":null}}]},"3":{"loc":{"start":{"line":342,"column":44},"end":{"line":342,"column":68}},"type":"cond-expr","locations":[{"start":{"line":342,"column":44},"end":{"line":342,"column":68}},{"start":{"line":342,"column":71},"end":{"line":342,"column":72}}]},"4":{"loc":{"start":{"line":363,"column":8},"end":{"line":368,"column":null}},"type":"if","locations":[{"start":{"line":363,"column":8},"end":{"line":368,"column":null}},{"start":{"line":363,"column":8},"end":{"line":368,"column":null}}]},"5":{"loc":{"start":{"line":384,"column":65},"end":{"line":384,"column":118}},"type":"cond-expr","locations":[{"start":{"line":384,"column":65},"end":{"line":384,"column":118}},{"start":{"line":384,"column":121},"end":{"line":384,"column":144}}]},"6":{"loc":{"start":{"line":397,"column":12},"end":{"line":413,"column":null}},"type":"if","locations":[{"start":{"line":397,"column":12},"end":{"line":413,"column":null}},{"start":{"line":397,"column":12},"end":{"line":413,"column":null}}]},"7":{"loc":{"start":{"line":397,"column":16},"end":{"line":397,"column":36}},"type":"binary-expr","locations":[{"start":{"line":397,"column":16},"end":{"line":397,"column":36}},{"start":{"line":397,"column":40},"end":{"line":397,"column":51}}]},"8":{"loc":{"start":{"line":402,"column":16},"end":{"line":404,"column":null}},"type":"if","locations":[{"start":{"line":402,"column":16},"end":{"line":404,"column":null}},{"start":{"line":402,"column":16},"end":{"line":404,"column":null}}]},"9":{"loc":{"start":{"line":405,"column":19},"end":{"line":413,"column":null}},"type":"if","locations":[{"start":{"line":405,"column":19},"end":{"line":413,"column":null}},{"start":{"line":405,"column":19},"end":{"line":413,"column":null}}]},"10":{"loc":{"start":{"line":405,"column":23},"end":{"line":405,"column":43}},"type":"binary-expr","locations":[{"start":{"line":405,"column":23},"end":{"line":405,"column":43}},{"start":{"line":405,"column":47},"end":{"line":405,"column":90}}]},"11":{"loc":{"start":{"line":410,"column":16},"end":{"line":412,"column":null}},"type":"if","locations":[{"start":{"line":410,"column":16},"end":{"line":412,"column":null}},{"start":{"line":410,"column":16},"end":{"line":412,"column":null}}]},"12":{"loc":{"start":{"line":415,"column":12},"end":{"line":417,"column":null}},"type":"if","locations":[{"start":{"line":415,"column":12},"end":{"line":417,"column":null}},{"start":{"line":415,"column":12},"end":{"line":417,"column":null}}]},"13":{"loc":{"start":{"line":438,"column":8},"end":{"line":440,"column":null}},"type":"if","locations":[{"start":{"line":438,"column":8},"end":{"line":440,"column":null}},{"start":{"line":438,"column":8},"end":{"line":440,"column":null}}]},"14":{"loc":{"start":{"line":472,"column":8},"end":{"line":483,"column":null}},"type":"if","locations":[{"start":{"line":472,"column":8},"end":{"line":483,"column":null}},{"start":{"line":472,"column":8},"end":{"line":483,"column":null}}]},"15":{"loc":{"start":{"line":478,"column":12},"end":{"line":482,"column":null}},"type":"if","locations":[{"start":{"line":478,"column":12},"end":{"line":482,"column":null}},{"start":{"line":478,"column":12},"end":{"line":482,"column":null}}]},"16":{"loc":{"start":{"line":531,"column":60},"end":{"line":531,"column":64}},"type":"cond-expr","locations":[{"start":{"line":531,"column":60},"end":{"line":531,"column":64}},{"start":{"line":531,"column":67},"end":{"line":531,"column":73}}]},"17":{"loc":{"start":{"line":532,"column":8},"end":{"line":556,"column":null}},"type":"if","locations":[{"start":{"line":532,"column":8},"end":{"line":556,"column":null}},{"start":{"line":532,"column":8},"end":{"line":556,"column":null}}]},"18":{"loc":{"start":{"line":535,"column":12},"end":{"line":547,"column":null}},"type":"if","locations":[{"start":{"line":535,"column":12},"end":{"line":547,"column":null}},{"start":{"line":535,"column":12},"end":{"line":547,"column":null}}]},"19":{"loc":{"start":{"line":537,"column":16},"end":{"line":540,"column":null}},"type":"if","locations":[{"start":{"line":537,"column":16},"end":{"line":540,"column":null}},{"start":{"line":537,"column":16},"end":{"line":540,"column":null}}]},"20":{"loc":{"start":{"line":544,"column":16},"end":{"line":546,"column":null}},"type":"if","locations":[{"start":{"line":544,"column":16},"end":{"line":546,"column":null}},{"start":{"line":544,"column":16},"end":{"line":546,"column":null}}]},"21":{"loc":{"start":{"line":551,"column":12},"end":{"line":555,"column":null}},"type":"if","locations":[{"start":{"line":551,"column":12},"end":{"line":555,"column":null}},{"start":{"line":551,"column":12},"end":{"line":555,"column":null}}]},"22":{"loc":{"start":{"line":561,"column":8},"end":{"line":571,"column":null}},"type":"if","locations":[{"start":{"line":561,"column":8},"end":{"line":571,"column":null}},{"start":{"line":561,"column":8},"end":{"line":571,"column":null}}]},"23":{"loc":{"start":{"line":564,"column":16},"end":{"line":569,"column":null}},"type":"if","locations":[{"start":{"line":564,"column":16},"end":{"line":569,"column":null}},{"start":{"line":564,"column":16},"end":{"line":569,"column":null}}]},"24":{"loc":{"start":{"line":592,"column":8},"end":{"line":594,"column":null}},"type":"if","locations":[{"start":{"line":592,"column":8},"end":{"line":594,"column":null}},{"start":{"line":592,"column":8},"end":{"line":594,"column":null}}]},"25":{"loc":{"start":{"line":592,"column":12},"end":{"line":592,"column":35}},"type":"binary-expr","locations":[{"start":{"line":592,"column":12},"end":{"line":592,"column":35}},{"start":{"line":592,"column":39},"end":{"line":592,"column":63}}]},"26":{"loc":{"start":{"line":598,"column":8},"end":{"line":602,"column":null}},"type":"if","locations":[{"start":{"line":598,"column":8},"end":{"line":602,"column":null}},{"start":{"line":598,"column":8},"end":{"line":602,"column":null}}]},"27":{"loc":{"start":{"line":619,"column":8},"end":{"line":629,"column":null}},"type":"if","locations":[{"start":{"line":619,"column":8},"end":{"line":629,"column":null}},{"start":{"line":619,"column":8},"end":{"line":629,"column":null}}]},"28":{"loc":{"start":{"line":622,"column":16},"end":{"line":627,"column":null}},"type":"if","locations":[{"start":{"line":622,"column":16},"end":{"line":627,"column":null}},{"start":{"line":622,"column":16},"end":{"line":627,"column":null}}]},"29":{"loc":{"start":{"line":633,"column":8},"end":{"line":635,"column":null}},"type":"if","locations":[{"start":{"line":633,"column":8},"end":{"line":635,"column":null}},{"start":{"line":633,"column":8},"end":{"line":635,"column":null}}]},"30":{"loc":{"start":{"line":669,"column":8},"end":{"line":672,"column":null}},"type":"if","locations":[{"start":{"line":669,"column":8},"end":{"line":672,"column":null}},{"start":{"line":669,"column":8},"end":{"line":672,"column":null}}]},"31":{"loc":{"start":{"line":675,"column":8},"end":{"line":679,"column":null}},"type":"if","locations":[{"start":{"line":675,"column":8},"end":{"line":679,"column":null}},{"start":{"line":675,"column":8},"end":{"line":679,"column":null}}]},"32":{"loc":{"start":{"line":764,"column":8},"end":{"line":767,"column":null}},"type":"if","locations":[{"start":{"line":764,"column":8},"end":{"line":767,"column":null}},{"start":{"line":764,"column":8},"end":{"line":767,"column":null}}]},"33":{"loc":{"start":{"line":769,"column":8},"end":{"line":771,"column":null}},"type":"if","locations":[{"start":{"line":769,"column":8},"end":{"line":771,"column":null}},{"start":{"line":769,"column":8},"end":{"line":771,"column":null}}]},"34":{"loc":{"start":{"line":577,"column":12},"end":{"line":586,"column":null}},"type":"if","locations":[{"start":{"line":577,"column":12},"end":{"line":586,"column":null}},{"start":{"line":577,"column":12},"end":{"line":586,"column":null}}]},"35":{"loc":{"start":{"line":582,"column":16},"end":{"line":585,"column":null}},"type":"if","locations":[{"start":{"line":582,"column":16},"end":{"line":585,"column":null}},{"start":{"line":582,"column":16},"end":{"line":585,"column":null}}]},"36":{"loc":{"start":{"line":804,"column":8},"end":{"line":806,"column":null}},"type":"if","locations":[{"start":{"line":804,"column":8},"end":{"line":806,"column":null}},{"start":{"line":804,"column":8},"end":{"line":806,"column":null}}]},"37":{"loc":{"start":{"line":1055,"column":16},"end":{"line":1059,"column":null}},"type":"if","locations":[{"start":{"line":1055,"column":16},"end":{"line":1059,"column":null}},{"start":{"line":1055,"column":16},"end":{"line":1059,"column":null}}]},"38":{"loc":{"start":{"line":1055,"column":20},"end":{"line":1055,"column":59}},"type":"binary-expr","locations":[{"start":{"line":1055,"column":20},"end":{"line":1055,"column":59}},{"start":{"line":1055,"column":63},"end":{"line":1055,"column":101}}]}},"s":{"0":1,"1":1,"2":1,"3":8,"4":0,"5":1,"6":1,"7":1,"8":1,"9":1,"10":1,"11":1,"12":1,"13":1,"14":1,"15":1,"16":1,"17":1,"18":1,"19":1,"20":1,"21":1,"22":1,"23":1,"24":1,"25":1,"26":1,"27":1,"28":1,"29":1,"30":1,"31":0,"32":1,"33":0,"34":0,"35":0,"36":1,"37":0,"38":0,"39":0,"40":0,"41":0,"42":0,"43":0,"44":0,"45":0,"46":0,"47":0,"48":0,"49":1,"50":0,"51":0,"52":0,"53":0,"54":0,"55":0,"56":0,"57":0,"58":0,"59":0,"60":0,"61":0,"62":1,"63":0,"64":0,"65":0,"66":0,"67":1,"68":0,"69":0,"70":0,"71":0,"72":0,"73":0,"74":0,"75":0,"76":0,"77":0,"78":0,"79":0,"80":0,"81":0,"82":0,"83":0,"84":0,"85":0,"86":1,"87":0,"88":0,"89":0,"90":0,"91":0,"92":1,"93":0,"94":0,"95":0,"96":1,"97":0,"98":1,"99":0,"100":0,"101":0,"102":1,"103":0,"104":1,"105":0,"106":0,"107":0,"108":0,"109":0,"110":0,"111":0,"112":1,"113":0,"114":0,"115":0,"116":0,"117":0,"118":0,"119":0,"120":0,"121":0,"122":0,"123":0,"124":0,"125":0,"126":0,"127":0,"128":0,"129":0,"130":1,"131":0,"132":0,"133":0,"134":0,"135":0,"136":0,"137":0,"138":0,"139":1,"140":0,"141":0,"142":1,"143":0,"144":0,"145":0,"146":0,"147":1,"148":0,"149":0,"150":0,"151":0,"152":1,"153":0,"154":0,"155":0,"156":1,"157":0,"158":0,"159":0,"160":0,"161":0,"162":0,"163":0,"164":1,"165":0,"166":0,"167":0,"168":0,"169":1,"170":0,"171":0,"172":1,"173":0,"174":0,"175":0,"176":0,"177":0,"178":1,"179":0,"180":0,"181":0,"182":0,"183":0,"184":0,"185":0,"186":0,"187":0,"188":1,"189":1,"190":1,"191":1,"192":1,"193":0,"194":0,"195":1,"196":0,"197":1,"198":1,"199":1,"200":1,"201":1,"202":1,"203":1,"204":1,"205":1,"206":1,"207":1,"208":0,"209":1,"210":1,"211":1,"212":1,"213":1,"214":1,"215":0,"216":0,"217":1,"218":1,"219":1,"220":0,"221":0,"222":1,"223":1,"224":1,"225":1,"226":0,"227":1,"228":0,"229":1,"230":0,"231":1,"232":0,"233":1,"234":0,"235":39,"236":39,"237":21,"238":21,"239":12,"240":12,"241":6,"242":6,"243":6,"244":6,"245":6,"246":6,"247":1,"248":1,"249":1,"250":3,"251":3,"252":0,"253":0,"254":0,"255":0,"256":0,"257":0,"258":0,"259":0,"260":0,"261":0,"262":0,"263":1,"264":1,"265":0,"266":1,"267":3,"268":1,"269":1,"270":1,"271":1,"272":1,"273":1,"274":1,"275":1,"276":1,"277":1,"278":1,"279":1,"280":1,"281":1,"282":1,"283":1,"284":3,"285":3,"286":3,"287":1,"288":3,"289":1,"290":3,"291":1,"292":1,"293":3,"294":3,"295":3,"296":3,"297":3,"298":3,"299":3,"300":1,"301":3,"302":3,"303":1,"304":3,"305":3,"306":1,"307":3,"308":3,"309":1,"310":3,"311":3,"312":1,"313":3,"314":3,"315":1,"316":2,"317":1,"318":0,"319":1,"320":0,"321":1,"322":3,"323":1,"324":3,"325":3,"326":1,"327":1,"328":1,"329":1,"330":1,"331":0,"332":0,"333":1},"f":{"0":8,"1":0,"2":1,"3":0,"4":0,"5":0,"6":0,"7":0,"8":0,"9":0,"10":0,"11":0,"12":0,"13":0,"14":0,"15":0,"16":0,"17":0,"18":0,"19":0,"20":0,"21":0,"22":0,"23":0,"24":0,"25":0,"26":0,"27":0,"28":1,"29":1,"30":1,"31":0,"32":0,"33":0,"34":0,"35":0,"36":0,"37":0,"38":0,"39":0,"40":0,"41":39,"42":21,"43":12,"44":6,"45":1,"46":3,"47":0,"48":0,"49":0,"50":1,"51":3,"52":3,"53":3,"54":3,"55":3,"56":3,"57":3,"58":3,"59":3,"60":3,"61":3,"62":3,"63":3,"64":3,"65":3,"66":3,"67":3,"68":3,"69":0,"70":0,"71":3,"72":3,"73":3,"74":0,"75":0},"b":{"0":[0,0],"1":[0,0],"2":[0,0],"3":[0,0],"4":[0,0],"5":[0,0],"6":[0,0],"7":[0,0],"8":[0,0],"9":[0,0],"10":[0,0],"11":[0,0],"12":[0,0],"13":[0,0],"14":[0,0],"15":[0,0],"16":[0,0],"17":[0,0],"18":[0,0],"19":[0,0],"20":[0,0],"21":[0,0],"22":[0,0],"23":[0,0],"24":[0,0],"25":[0,0],"26":[0,0],"27":[0,0],"28":[0,0],"29":[0,0],"30":[0,0],"31":[0,0],"32":[0,1],"33":[0,1],"34":[0,0],"35":[0,0],"36":[0,1],"37":[1,2],"38":[3,3]}}
}
