TN:
SF:/Users/lorenzoamabili/userStudy/frontend/slide-deck-visualization/src/slide-deck-visualization.ts
FN:14,firstArgThis
FN:15,(anonymous_1)
FN:59,(anonymous_2)
FN:313,(anonymous_3)
FN:317,(anonymous_4)
FN:325,(anonymous_5)
FN:360,(anonymous_6)
FN:380,(anonymous_7)
FN:391,(anonymous_8)
FN:392,(anonymous_9)
FN:424,(anonymous_10)
FN:427,(anonymous_11)
FN:443,(anonymous_12)
FN:450,(anonymous_13)
FN:454,(anonymous_14)
FN:463,(anonymous_15)
FN:467,(anonymous_16)
FN:530,(anonymous_17)
FN:560,(anonymous_18)
FN:591,(anonymous_19)
FN:597,(anonymous_20)
FN:605,(anonymous_21)
FN:612,(anonymous_22)
FN:618,(anonymous_23)
FN:632,(anonymous_24)
FN:640,(anonymous_25)
FN:655,(anonymous_26)
FN:668,(anonymous_27)
FN:745,(anonymous_28)
FN:761,(anonymous_29)
FN:788,(anonymous_30)
FN:70,(anonymous_31)
FN:141,(anonymous_32)
FN:144,(anonymous_33)
FN:180,(anonymous_34)
FN:183,(anonymous_35)
FN:306,(anonymous_36)
FN:307,(anonymous_37)
FN:308,(anonymous_38)
FN:309,(anonymous_39)
FN:387,(anonymous_40)
FN:487,(anonymous_41)
FN:493,(anonymous_42)
FN:501,(anonymous_43)
FN:507,(anonymous_44)
FN:518,(anonymous_45)
FN:521,(anonymous_46)
FN:574,(anonymous_47)
FN:576,(anonymous_48)
FN:645,(anonymous_49)
FN:801,(anonymous_50)
FN:809,(anonymous_51)
FN:958,(anonymous_52)
FN:981,(anonymous_53)
FN:987,(anonymous_54)
FN:994,(anonymous_55)
FN:1000,(anonymous_56)
FN:1003,(anonymous_57)
FN:1006,(anonymous_58)
FN:1013,(anonymous_59)
FN:1016,(anonymous_60)
FN:1024,(anonymous_61)
FN:1027,(anonymous_62)
FN:1033,(anonymous_63)
FN:1036,(anonymous_64)
FN:1042,(anonymous_65)
FN:1045,(anonymous_66)
FN:1051,(anonymous_67)
FN:1054,(anonymous_68)
FN:1062,(anonymous_69)
FN:1068,(anonymous_70)
FN:1074,(anonymous_71)
FN:1080,(anonymous_72)
FN:1083,(anonymous_73)
FN:1108,(anonymous_74)
FN:1112,(anonymous_75)
FNF:76
FNH:33
FNDA:8,firstArgThis
FNDA:0,(anonymous_1)
FNDA:1,(anonymous_2)
FNDA:0,(anonymous_3)
FNDA:0,(anonymous_4)
FNDA:0,(anonymous_5)
FNDA:0,(anonymous_6)
FNDA:0,(anonymous_7)
FNDA:0,(anonymous_8)
FNDA:0,(anonymous_9)
FNDA:0,(anonymous_10)
FNDA:0,(anonymous_11)
FNDA:0,(anonymous_12)
FNDA:0,(anonymous_13)
FNDA:0,(anonymous_14)
FNDA:0,(anonymous_15)
FNDA:0,(anonymous_16)
FNDA:0,(anonymous_17)
FNDA:0,(anonymous_18)
FNDA:0,(anonymous_19)
FNDA:0,(anonymous_20)
FNDA:0,(anonymous_21)
FNDA:0,(anonymous_22)
FNDA:0,(anonymous_23)
FNDA:0,(anonymous_24)
FNDA:0,(anonymous_25)
FNDA:0,(anonymous_26)
FNDA:0,(anonymous_27)
FNDA:1,(anonymous_28)
FNDA:1,(anonymous_29)
FNDA:1,(anonymous_30)
FNDA:0,(anonymous_31)
FNDA:0,(anonymous_32)
FNDA:0,(anonymous_33)
FNDA:0,(anonymous_34)
FNDA:0,(anonymous_35)
FNDA:0,(anonymous_36)
FNDA:0,(anonymous_37)
FNDA:0,(anonymous_38)
FNDA:0,(anonymous_39)
FNDA:0,(anonymous_40)
FNDA:39,(anonymous_41)
FNDA:21,(anonymous_42)
FNDA:12,(anonymous_43)
FNDA:6,(anonymous_44)
FNDA:1,(anonymous_45)
FNDA:3,(anonymous_46)
FNDA:0,(anonymous_47)
FNDA:0,(anonymous_48)
FNDA:0,(anonymous_49)
FNDA:1,(anonymous_50)
FNDA:3,(anonymous_51)
FNDA:3,(anonymous_52)
FNDA:3,(anonymous_53)
FNDA:3,(anonymous_54)
FNDA:3,(anonymous_55)
FNDA:3,(anonymous_56)
FNDA:3,(anonymous_57)
FNDA:3,(anonymous_58)
FNDA:3,(anonymous_59)
FNDA:3,(anonymous_60)
FNDA:3,(anonymous_61)
FNDA:3,(anonymous_62)
FNDA:3,(anonymous_63)
FNDA:3,(anonymous_64)
FNDA:3,(anonymous_65)
FNDA:3,(anonymous_66)
FNDA:3,(anonymous_67)
FNDA:3,(anonymous_68)
FNDA:0,(anonymous_69)
FNDA:0,(anonymous_70)
FNDA:3,(anonymous_71)
FNDA:3,(anonymous_72)
FNDA:3,(anonymous_73)
FNDA:0,(anonymous_74)
FNDA:0,(anonymous_75)
DA:1,1
DA:3,1
DA:5,1
DA:15,8
DA:16,0
DA:20,1
DA:21,1
DA:25,1
DA:29,1
DA:30,1
DA:31,1
DA:32,1
DA:33,1
DA:34,1
DA:35,1
DA:36,1
DA:37,1
DA:38,1
DA:39,1
DA:40,1
DA:41,1
DA:42,1
DA:45,1
DA:47,1
DA:48,1
DA:49,1
DA:50,1
DA:51,1
DA:53,1
DA:54,1
DA:55,1
DA:60,1
DA:61,1
DA:62,1
DA:63,1
DA:64,1
DA:67,1
DA:71,0
DA:74,1
DA:79,1
DA:85,1
DA:92,1
DA:98,1
DA:132,1
DA:142,0
DA:145,0
DA:153,1
DA:161,1
DA:173,1
DA:181,0
DA:184,0
DA:187,1
DA:289,1
DA:297,1
DA:306,1
DA:307,1
DA:308,1
DA:309,1
DA:311,1
DA:313,1
DA:314,0
DA:317,1
DA:319,0
DA:320,0
DA:321,0
DA:325,1
DA:326,0
DA:328,0
DA:330,0
DA:331,0
DA:333,0
DA:334,0
DA:338,0
DA:341,0
DA:343,0
DA:344,0
DA:347,0
DA:348,0
DA:360,1
DA:361,0
DA:362,0
DA:363,0
DA:364,0
DA:365,0
DA:367,0
DA:369,0
DA:370,0
DA:371,0
DA:372,0
DA:373,0
DA:377,0
DA:380,1
DA:381,0
DA:382,0
DA:383,0
DA:384,0
DA:388,0
DA:391,1
DA:392,0
DA:393,0
DA:394,0
DA:395,0
DA:397,0
DA:399,0
DA:400,0
DA:402,0
DA:403,0
DA:405,0
DA:407,0
DA:408,0
DA:410,0
DA:411,0
DA:415,0
DA:416,0
DA:418,0
DA:419,0
DA:424,1
DA:425,0
DA:428,0
DA:437,0
DA:438,0
DA:439,0
DA:443,1
DA:445,0
DA:446,0
DA:447,0
DA:450,1
DA:451,0
DA:454,1
DA:455,0
DA:459,0
DA:460,0
DA:463,1
DA:464,0
DA:467,1
DA:472,0
DA:474,0
DA:477,0
DA:478,0
DA:479,0
DA:481,0
DA:484,0
DA:489,39
DA:490,39
DA:494,21
DA:495,21
DA:503,12
DA:504,12
DA:508,6
DA:509,6
DA:511,6
DA:512,6
DA:515,6
DA:519,1
DA:520,1
DA:521,1
DA:522,3
DA:526,3
DA:530,1
DA:531,0
DA:532,0
DA:534,0
DA:535,0
DA:536,0
DA:537,0
DA:538,0
DA:539,0
DA:542,0
DA:543,0
DA:544,0
DA:545,0
DA:550,0
DA:551,0
DA:552,0
DA:554,0
DA:557,0
DA:560,1
DA:561,0
DA:563,0
DA:564,0
DA:565,0
DA:566,0
DA:567,0
DA:568,0
DA:575,0
DA:576,0
DA:577,0
DA:578,0
DA:580,0
DA:581,0
DA:582,0
DA:583,0
DA:587,0
DA:591,1
DA:592,0
DA:593,0
DA:597,1
DA:598,0
DA:599,0
DA:600,0
DA:601,0
DA:605,1
DA:606,0
DA:607,0
DA:608,0
DA:609,0
DA:612,1
DA:613,0
DA:614,0
DA:615,0
DA:618,1
DA:619,0
DA:621,0
DA:622,0
DA:623,0
DA:624,0
DA:625,0
DA:626,0
DA:632,1
DA:633,0
DA:634,0
DA:636,0
DA:637,0
DA:640,1
DA:641,0
DA:642,0
DA:646,0
DA:647,0
DA:655,1
DA:656,0
DA:658,0
DA:659,0
DA:660,0
DA:662,0
DA:668,1
DA:669,0
DA:670,0
DA:671,0
DA:673,0
DA:674,0
DA:675,0
DA:676,0
DA:678,0
DA:680,0
DA:745,1
DA:746,1
DA:761,1
DA:762,1
DA:764,1
DA:765,0
DA:766,0
DA:769,1
DA:770,0
DA:773,1
DA:774,1
DA:779,1
DA:788,1
DA:789,1
DA:802,1
DA:804,1
DA:805,0
DA:807,1
DA:809,3
DA:811,1
DA:816,1
DA:825,1
DA:833,1
DA:841,1
DA:848,1
DA:859,1
DA:869,1
DA:888,1
DA:891,1
DA:902,1
DA:904,1
DA:928,1
DA:940,1
DA:951,1
DA:956,1
DA:959,3
DA:960,3
DA:961,3
DA:979,1
DA:982,3
DA:985,1
DA:988,3
DA:991,1
DA:992,1
DA:995,3
DA:996,3
DA:998,3
DA:1001,3
DA:1004,3
DA:1007,3
DA:1008,3
DA:1011,1
DA:1014,3
DA:1017,3
DA:1022,1
DA:1025,3
DA:1028,3
DA:1031,1
DA:1034,3
DA:1037,3
DA:1040,1
DA:1043,3
DA:1046,3
DA:1049,1
DA:1052,3
DA:1055,3
DA:1056,1
DA:1058,2
DA:1062,1
DA:1063,0
DA:1066,1
DA:1069,0
DA:1072,1
DA:1075,3
DA:1078,1
DA:1081,3
DA:1084,3
DA:1087,1
DA:1091,1
DA:1093,1
DA:1099,1
DA:1103,1
DA:1109,0
DA:1113,0
LF:328
LH:168
BRDA:320,0,0,0
BRDA:320,0,1,0
BRDA:326,1,0,0
BRDA:326,1,1,0
BRDA:333,2,0,0
BRDA:333,2,1,0
BRDA:342,3,0,0
BRDA:342,3,1,0
BRDA:363,4,0,0
BRDA:363,4,1,0
BRDA:384,5,0,0
BRDA:384,5,1,0
BRDA:397,6,0,0
BRDA:397,6,1,0
BRDA:397,7,0,0
BRDA:397,7,1,0
BRDA:402,8,0,0
BRDA:402,8,1,0
BRDA:405,9,0,0
BRDA:405,9,1,0
BRDA:405,10,0,0
BRDA:405,10,1,0
BRDA:410,11,0,0
BRDA:410,11,1,0
BRDA:415,12,0,0
BRDA:415,12,1,0
BRDA:438,13,0,0
BRDA:438,13,1,0
BRDA:472,14,0,0
BRDA:472,14,1,0
BRDA:478,15,0,0
BRDA:478,15,1,0
BRDA:531,16,0,0
BRDA:531,16,1,0
BRDA:532,17,0,0
BRDA:532,17,1,0
BRDA:535,18,0,0
BRDA:535,18,1,0
BRDA:537,19,0,0
BRDA:537,19,1,0
BRDA:544,20,0,0
BRDA:544,20,1,0
BRDA:551,21,0,0
BRDA:551,21,1,0
BRDA:561,22,0,0
BRDA:561,22,1,0
BRDA:564,23,0,0
BRDA:564,23,1,0
BRDA:592,24,0,0
BRDA:592,24,1,0
BRDA:592,25,0,0
BRDA:592,25,1,0
BRDA:598,26,0,0
BRDA:598,26,1,0
BRDA:619,27,0,0
BRDA:619,27,1,0
BRDA:622,28,0,0
BRDA:622,28,1,0
BRDA:633,29,0,0
BRDA:633,29,1,0
BRDA:669,30,0,0
BRDA:669,30,1,0
BRDA:675,31,0,0
BRDA:675,31,1,0
BRDA:764,32,0,0
BRDA:764,32,1,1
BRDA:769,33,0,0
BRDA:769,33,1,1
BRDA:577,34,0,0
BRDA:577,34,1,0
BRDA:582,35,0,0
BRDA:582,35,1,0
BRDA:804,36,0,0
BRDA:804,36,1,1
BRDA:1055,37,0,1
BRDA:1055,37,1,2
BRDA:1055,38,0,3
BRDA:1055,38,1,3
BRF:78
BRH:7
end_of_record
