<?xml version="1.0" encoding="UTF-8"?>
<coverage generated="1604963102008" clover="3.2.0">
  <project timestamp="1604963102008" name="All files">
    <metrics statements="328" coveredstatements="168" conditionals="78" coveredconditionals="7" methods="76" coveredmethods="33" elements="482" coveredelements="208" complexity="0" loc="328" ncloc="328" packages="1" files="1" classes="1"/>
    <file name="slide-deck-visualization.ts" path="/Users/lorenzoamabili/userStudy/frontend/slide-deck-visualization/src/slide-deck-visualization.ts">
      <metrics statements="328" coveredstatements="168" conditionals="78" coveredconditionals="7" methods="76" coveredmethods="33"/>
      <line num="1" count="1" type="stmt"/>
      <line num="3" count="1" type="stmt"/>
      <line num="5" count="1" type="stmt"/>
      <line num="15" count="8" type="stmt"/>
      <line num="16" count="0" type="stmt"/>
      <line num="20" count="1" type="stmt"/>
      <line num="21" count="1" type="stmt"/>
      <line num="25" count="1" type="stmt"/>
      <line num="29" count="1" type="stmt"/>
      <line num="30" count="1" type="stmt"/>
      <line num="31" count="1" type="stmt"/>
      <line num="32" count="1" type="stmt"/>
      <line num="33" count="1" type="stmt"/>
      <line num="34" count="1" type="stmt"/>
      <line num="35" count="1" type="stmt"/>
      <line num="36" count="1" type="stmt"/>
      <line num="37" count="1" type="stmt"/>
      <line num="38" count="1" type="stmt"/>
      <line num="39" count="1" type="stmt"/>
      <line num="40" count="1" type="stmt"/>
      <line num="41" count="1" type="stmt"/>
      <line num="42" count="1" type="stmt"/>
      <line num="45" count="1" type="stmt"/>
      <line num="47" count="1" type="stmt"/>
      <line num="48" count="1" type="stmt"/>
      <line num="49" count="1" type="stmt"/>
      <line num="50" count="1" type="stmt"/>
      <line num="51" count="1" type="stmt"/>
      <line num="53" count="1" type="stmt"/>
      <line num="54" count="1" type="stmt"/>
      <line num="55" count="1" type="stmt"/>
      <line num="60" count="1" type="stmt"/>
      <line num="61" count="1" type="stmt"/>
      <line num="62" count="1" type="stmt"/>
      <line num="63" count="1" type="stmt"/>
      <line num="64" count="1" type="stmt"/>
      <line num="67" count="1" type="stmt"/>
      <line num="71" count="0" type="stmt"/>
      <line num="74" count="1" type="stmt"/>
      <line num="79" count="1" type="stmt"/>
      <line num="85" count="1" type="stmt"/>
      <line num="92" count="1" type="stmt"/>
      <line num="98" count="1" type="stmt"/>
      <line num="132" count="1" type="stmt"/>
      <line num="142" count="0" type="stmt"/>
      <line num="145" count="0" type="stmt"/>
      <line num="153" count="1" type="stmt"/>
      <line num="161" count="1" type="stmt"/>
      <line num="173" count="1" type="stmt"/>
      <line num="181" count="0" type="stmt"/>
      <line num="184" count="0" type="stmt"/>
      <line num="187" count="1" type="stmt"/>
      <line num="289" count="1" type="stmt"/>
      <line num="297" count="1" type="stmt"/>
      <line num="306" count="1" type="stmt"/>
      <line num="307" count="1" type="stmt"/>
      <line num="308" count="1" type="stmt"/>
      <line num="309" count="1" type="stmt"/>
      <line num="311" count="1" type="stmt"/>
      <line num="313" count="1" type="stmt"/>
      <line num="314" count="0" type="stmt"/>
      <line num="317" count="1" type="stmt"/>
      <line num="319" count="0" type="stmt"/>
      <line num="320" count="0" type="cond" truecount="0" falsecount="2"/>
      <line num="321" count="0" type="stmt"/>
      <line num="325" count="1" type="stmt"/>
      <line num="326" count="0" type="cond" truecount="0" falsecount="2"/>
      <line num="328" count="0" type="stmt"/>
      <line num="330" count="0" type="stmt"/>
      <line num="331" count="0" type="stmt"/>
      <line num="333" count="0" type="cond" truecount="0" falsecount="2"/>
      <line num="334" count="0" type="stmt"/>
      <line num="338" count="0" type="stmt"/>
      <line num="341" count="0" type="stmt"/>
      <line num="343" count="0" type="stmt"/>
      <line num="344" count="0" type="stmt"/>
      <line num="347" count="0" type="stmt"/>
      <line num="348" count="0" type="stmt"/>
      <line num="360" count="1" type="stmt"/>
      <line num="361" count="0" type="stmt"/>
      <line num="362" count="0" type="stmt"/>
      <line num="363" count="0" type="cond" truecount="0" falsecount="2"/>
      <line num="364" count="0" type="stmt"/>
      <line num="365" count="0" type="stmt"/>
      <line num="367" count="0" type="stmt"/>
      <line num="369" count="0" type="stmt"/>
      <line num="370" count="0" type="stmt"/>
      <line num="371" count="0" type="stmt"/>
      <line num="372" count="0" type="stmt"/>
      <line num="373" count="0" type="stmt"/>
      <line num="377" count="0" type="stmt"/>
      <line num="380" count="1" type="stmt"/>
      <line num="381" count="0" type="stmt"/>
      <line num="382" count="0" type="stmt"/>
      <line num="383" count="0" type="stmt"/>
      <line num="384" count="0" type="cond" truecount="0" falsecount="2"/>
      <line num="388" count="0" type="stmt"/>
      <line num="391" count="1" type="stmt"/>
      <line num="392" count="0" type="stmt"/>
      <line num="393" count="0" type="stmt"/>
      <line num="394" count="0" type="stmt"/>
      <line num="395" count="0" type="stmt"/>
      <line num="397" count="0" type="cond" truecount="0" falsecount="4"/>
      <line num="399" count="0" type="stmt"/>
      <line num="400" count="0" type="stmt"/>
      <line num="402" count="0" type="cond" truecount="0" falsecount="2"/>
      <line num="403" count="0" type="stmt"/>
      <line num="405" count="0" type="cond" truecount="0" falsecount="4"/>
      <line num="407" count="0" type="stmt"/>
      <line num="408" count="0" type="stmt"/>
      <line num="410" count="0" type="cond" truecount="0" falsecount="2"/>
      <line num="411" count="0" type="stmt"/>
      <line num="415" count="0" type="cond" truecount="0" falsecount="2"/>
      <line num="416" count="0" type="stmt"/>
      <line num="418" count="0" type="stmt"/>
      <line num="419" count="0" type="stmt"/>
      <line num="424" count="1" type="stmt"/>
      <line num="425" count="0" type="stmt"/>
      <line num="428" count="0" type="stmt"/>
      <line num="437" count="0" type="stmt"/>
      <line num="438" count="0" type="cond" truecount="0" falsecount="2"/>
      <line num="439" count="0" type="stmt"/>
      <line num="443" count="1" type="stmt"/>
      <line num="445" count="0" type="stmt"/>
      <line num="446" count="0" type="stmt"/>
      <line num="447" count="0" type="stmt"/>
      <line num="450" count="1" type="stmt"/>
      <line num="451" count="0" type="stmt"/>
      <line num="454" count="1" type="stmt"/>
      <line num="455" count="0" type="stmt"/>
      <line num="459" count="0" type="stmt"/>
      <line num="460" count="0" type="stmt"/>
      <line num="463" count="1" type="stmt"/>
      <line num="464" count="0" type="stmt"/>
      <line num="467" count="1" type="stmt"/>
      <line num="472" count="0" type="cond" truecount="0" falsecount="2"/>
      <line num="474" count="0" type="stmt"/>
      <line num="477" count="0" type="stmt"/>
      <line num="478" count="0" type="cond" truecount="0" falsecount="2"/>
      <line num="479" count="0" type="stmt"/>
      <line num="481" count="0" type="stmt"/>
      <line num="484" count="0" type="stmt"/>
      <line num="489" count="39" type="stmt"/>
      <line num="490" count="39" type="stmt"/>
      <line num="494" count="21" type="stmt"/>
      <line num="495" count="21" type="stmt"/>
      <line num="503" count="12" type="stmt"/>
      <line num="504" count="12" type="stmt"/>
      <line num="508" count="6" type="stmt"/>
      <line num="509" count="6" type="stmt"/>
      <line num="511" count="6" type="stmt"/>
      <line num="512" count="6" type="stmt"/>
      <line num="515" count="6" type="stmt"/>
      <line num="519" count="1" type="stmt"/>
      <line num="520" count="1" type="stmt"/>
      <line num="521" count="1" type="stmt"/>
      <line num="522" count="3" type="stmt"/>
      <line num="526" count="3" type="stmt"/>
      <line num="530" count="1" type="stmt"/>
      <line num="531" count="0" type="cond" truecount="0" falsecount="2"/>
      <line num="532" count="0" type="cond" truecount="0" falsecount="2"/>
      <line num="534" count="0" type="stmt"/>
      <line num="535" count="0" type="cond" truecount="0" falsecount="2"/>
      <line num="536" count="0" type="stmt"/>
      <line num="537" count="0" type="cond" truecount="0" falsecount="2"/>
      <line num="538" count="0" type="stmt"/>
      <line num="539" count="0" type="stmt"/>
      <line num="542" count="0" type="stmt"/>
      <line num="543" count="0" type="stmt"/>
      <line num="544" count="0" type="cond" truecount="0" falsecount="2"/>
      <line num="545" count="0" type="stmt"/>
      <line num="550" count="0" type="stmt"/>
      <line num="551" count="0" type="cond" truecount="0" falsecount="2"/>
      <line num="552" count="0" type="stmt"/>
      <line num="554" count="0" type="stmt"/>
      <line num="557" count="0" type="stmt"/>
      <line num="560" count="1" type="stmt"/>
      <line num="561" count="0" type="cond" truecount="0" falsecount="2"/>
      <line num="563" count="0" type="stmt"/>
      <line num="564" count="0" type="cond" truecount="0" falsecount="2"/>
      <line num="565" count="0" type="stmt"/>
      <line num="566" count="0" type="stmt"/>
      <line num="567" count="0" type="stmt"/>
      <line num="568" count="0" type="stmt"/>
      <line num="575" count="0" type="stmt"/>
      <line num="576" count="0" type="stmt"/>
      <line num="577" count="0" type="cond" truecount="0" falsecount="2"/>
      <line num="578" count="0" type="stmt"/>
      <line num="580" count="0" type="stmt"/>
      <line num="581" count="0" type="stmt"/>
      <line num="582" count="0" type="cond" truecount="0" falsecount="2"/>
      <line num="583" count="0" type="stmt"/>
      <line num="587" count="0" type="stmt"/>
      <line num="591" count="1" type="stmt"/>
      <line num="592" count="0" type="cond" truecount="0" falsecount="4"/>
      <line num="593" count="0" type="stmt"/>
      <line num="597" count="1" type="stmt"/>
      <line num="598" count="0" type="cond" truecount="0" falsecount="2"/>
      <line num="599" count="0" type="stmt"/>
      <line num="600" count="0" type="stmt"/>
      <line num="601" count="0" type="stmt"/>
      <line num="605" count="1" type="stmt"/>
      <line num="606" count="0" type="stmt"/>
      <line num="607" count="0" type="stmt"/>
      <line num="608" count="0" type="stmt"/>
      <line num="609" count="0" type="stmt"/>
      <line num="612" count="1" type="stmt"/>
      <line num="613" count="0" type="stmt"/>
      <line num="614" count="0" type="stmt"/>
      <line num="615" count="0" type="stmt"/>
      <line num="618" count="1" type="stmt"/>
      <line num="619" count="0" type="cond" truecount="0" falsecount="2"/>
      <line num="621" count="0" type="stmt"/>
      <line num="622" count="0" type="cond" truecount="0" falsecount="2"/>
      <line num="623" count="0" type="stmt"/>
      <line num="624" count="0" type="stmt"/>
      <line num="625" count="0" type="stmt"/>
      <line num="626" count="0" type="stmt"/>
      <line num="632" count="1" type="stmt"/>
      <line num="633" count="0" type="cond" truecount="0" falsecount="2"/>
      <line num="634" count="0" type="stmt"/>
      <line num="636" count="0" type="stmt"/>
      <line num="637" count="0" type="stmt"/>
      <line num="640" count="1" type="stmt"/>
      <line num="641" count="0" type="stmt"/>
      <line num="642" count="0" type="stmt"/>
      <line num="646" count="0" type="stmt"/>
      <line num="647" count="0" type="stmt"/>
      <line num="655" count="1" type="stmt"/>
      <line num="656" count="0" type="stmt"/>
      <line num="658" count="0" type="stmt"/>
      <line num="659" count="0" type="stmt"/>
      <line num="660" count="0" type="stmt"/>
      <line num="662" count="0" type="stmt"/>
      <line num="668" count="1" type="stmt"/>
      <line num="669" count="0" type="cond" truecount="0" falsecount="2"/>
      <line num="670" count="0" type="stmt"/>
      <line num="671" count="0" type="stmt"/>
      <line num="673" count="0" type="stmt"/>
      <line num="674" count="0" type="stmt"/>
      <line num="675" count="0" type="cond" truecount="0" falsecount="2"/>
      <line num="676" count="0" type="stmt"/>
      <line num="678" count="0" type="stmt"/>
      <line num="680" count="0" type="stmt"/>
      <line num="745" count="1" type="stmt"/>
      <line num="746" count="1" type="stmt"/>
      <line num="761" count="1" type="stmt"/>
      <line num="762" count="1" type="stmt"/>
      <line num="764" count="1" type="cond" truecount="1" falsecount="1"/>
      <line num="765" count="0" type="stmt"/>
      <line num="766" count="0" type="stmt"/>
      <line num="769" count="1" type="cond" truecount="1" falsecount="1"/>
      <line num="770" count="0" type="stmt"/>
      <line num="773" count="1" type="stmt"/>
      <line num="774" count="1" type="stmt"/>
      <line num="779" count="1" type="stmt"/>
      <line num="788" count="1" type="stmt"/>
      <line num="789" count="1" type="stmt"/>
      <line num="802" count="1" type="stmt"/>
      <line num="804" count="1" type="cond" truecount="1" falsecount="1"/>
      <line num="805" count="0" type="stmt"/>
      <line num="807" count="1" type="stmt"/>
      <line num="809" count="3" type="stmt"/>
      <line num="811" count="1" type="stmt"/>
      <line num="816" count="1" type="stmt"/>
      <line num="825" count="1" type="stmt"/>
      <line num="833" count="1" type="stmt"/>
      <line num="841" count="1" type="stmt"/>
      <line num="848" count="1" type="stmt"/>
      <line num="859" count="1" type="stmt"/>
      <line num="869" count="1" type="stmt"/>
      <line num="888" count="1" type="stmt"/>
      <line num="891" count="1" type="stmt"/>
      <line num="902" count="1" type="stmt"/>
      <line num="904" count="1" type="stmt"/>
      <line num="928" count="1" type="stmt"/>
      <line num="940" count="1" type="stmt"/>
      <line num="951" count="1" type="stmt"/>
      <line num="956" count="1" type="stmt"/>
      <line num="959" count="3" type="stmt"/>
      <line num="960" count="3" type="stmt"/>
      <line num="961" count="3" type="stmt"/>
      <line num="979" count="1" type="stmt"/>
      <line num="982" count="3" type="stmt"/>
      <line num="985" count="1" type="stmt"/>
      <line num="988" count="3" type="stmt"/>
      <line num="991" count="1" type="stmt"/>
      <line num="992" count="1" type="stmt"/>
      <line num="995" count="3" type="stmt"/>
      <line num="996" count="3" type="stmt"/>
      <line num="998" count="3" type="stmt"/>
      <line num="1001" count="3" type="stmt"/>
      <line num="1004" count="3" type="stmt"/>
      <line num="1007" count="3" type="stmt"/>
      <line num="1008" count="3" type="stmt"/>
      <line num="1011" count="1" type="stmt"/>
      <line num="1014" count="3" type="stmt"/>
      <line num="1017" count="3" type="stmt"/>
      <line num="1022" count="1" type="stmt"/>
      <line num="1025" count="3" type="stmt"/>
      <line num="1028" count="3" type="stmt"/>
      <line num="1031" count="1" type="stmt"/>
      <line num="1034" count="3" type="stmt"/>
      <line num="1037" count="3" type="stmt"/>
      <line num="1040" count="1" type="stmt"/>
      <line num="1043" count="3" type="stmt"/>
      <line num="1046" count="3" type="stmt"/>
      <line num="1049" count="1" type="stmt"/>
      <line num="1052" count="3" type="stmt"/>
      <line num="1055" count="3" type="cond" truecount="4" falsecount="0"/>
      <line num="1056" count="1" type="stmt"/>
      <line num="1058" count="2" type="stmt"/>
      <line num="1062" count="1" type="stmt"/>
      <line num="1063" count="0" type="stmt"/>
      <line num="1066" count="1" type="stmt"/>
      <line num="1069" count="0" type="stmt"/>
      <line num="1072" count="1" type="stmt"/>
      <line num="1075" count="3" type="stmt"/>
      <line num="1078" count="1" type="stmt"/>
      <line num="1081" count="3" type="stmt"/>
      <line num="1084" count="3" type="stmt"/>
      <line num="1087" count="1" type="stmt"/>
      <line num="1091" count="1" type="stmt"/>
      <line num="1093" count="1" type="stmt"/>
      <line num="1099" count="1" type="stmt"/>
      <line num="1103" count="1" type="stmt"/>
      <line num="1109" count="0" type="stmt"/>
      <line num="1113" count="0" type="stmt"/>
    </file>
  </project>
</coverage>
